<?xml version="1.0" encoding="UTF-8"?>
<testsuite name="com.soundbrew.DataSourceTests" tests="1" skipped="0" failures="0" errors="0" timestamp="2024-09-19T02:22:16" hostname="kyoungui-MacBookPro.local" time="1.055">
  <properties/>
  <testcase name="testConnection()" classname="com.soundbrew.DataSourceTests" time="1.055"/>
  <system-out><![CDATA[11:21:58.644 [Test worker] DEBUG org.springframework.test.context.BootstrapUtils - Instantiating CacheAwareContextLoaderDelegate from class [org.springframework.test.context.cache.DefaultCacheAwareContextLoaderDelegate]
11:21:58.685 [Test worker] DEBUG org.springframework.test.context.BootstrapUtils - Instantiating BootstrapContext using constructor [public org.springframework.test.context.support.DefaultBootstrapContext(java.lang.Class,org.springframework.test.context.CacheAwareContextLoaderDelegate)]
11:21:58.910 [Test worker] DEBUG org.springframework.test.context.BootstrapUtils - Instantiating TestContextBootstrapper for test class [com.soundbrew.DataSourceTests] from class [org.springframework.boot.test.context.SpringBootTestContextBootstrapper]
11:21:58.937 [Test worker] INFO org.springframework.boot.test.context.SpringBootTestContextBootstrapper - Neither @ContextConfiguration nor @ContextHierarchy found for test class [com.soundbrew.DataSourceTests], using SpringBootContextLoader
11:21:58.944 [Test worker] DEBUG org.springframework.test.context.support.AbstractContextLoader - Did not detect default resource location for test class [com.soundbrew.DataSourceTests]: class path resource [com/soundbrew/DataSourceTests-context.xml] does not exist
11:21:58.945 [Test worker] DEBUG org.springframework.test.context.support.AbstractContextLoader - Did not detect default resource location for test class [com.soundbrew.DataSourceTests]: class path resource [com/soundbrew/DataSourceTestsContext.groovy] does not exist
11:21:58.946 [Test worker] INFO org.springframework.test.context.support.AbstractContextLoader - Could not detect default resource locations for test class [com.soundbrew.DataSourceTests]: no resource found for suffixes {-context.xml, Context.groovy}.
11:21:58.950 [Test worker] INFO org.springframework.test.context.support.AnnotationConfigContextLoaderUtils - Could not detect default configuration classes for test class [com.soundbrew.DataSourceTests]: DataSourceTests does not declare any static, non-private, non-final, nested classes annotated with @Configuration.
11:21:59.026 [Test worker] DEBUG org.springframework.test.context.support.ActiveProfilesUtils - Could not find an 'annotation declaring class' for annotation type [org.springframework.test.context.ActiveProfiles] and class [com.soundbrew.DataSourceTests]
11:21:59.187 [Test worker] DEBUG org.springframework.context.annotation.ClassPathScanningCandidateComponentProvider - Identified candidate component class: file [/Users/kyoung/soundBrew/build/classes/java/main/com/soundbrew/SoundBrewApplication.class]
11:21:59.189 [Test worker] INFO org.springframework.boot.test.context.SpringBootTestContextBootstrapper - Found @SpringBootConfiguration com.soundbrew.SoundBrewApplication for test class com.soundbrew.DataSourceTests
11:21:59.384 [Test worker] DEBUG org.springframework.boot.test.context.SpringBootTestContextBootstrapper - @TestExecutionListeners is not present for class [com.soundbrew.DataSourceTests]: using defaults.
11:21:59.384 [Test worker] INFO org.springframework.boot.test.context.SpringBootTestContextBootstrapper - Loaded default TestExecutionListener class names from location [META-INF/spring.factories]: [org.springframework.boot.test.autoconfigure.restdocs.RestDocsTestExecutionListener, org.springframework.boot.test.autoconfigure.web.client.MockRestServiceServerResetTestExecutionListener, org.springframework.boot.test.autoconfigure.web.servlet.MockMvcPrintOnlyOnFailureTestExecutionListener, org.springframework.boot.test.autoconfigure.web.servlet.WebDriverTestExecutionListener, org.springframework.boot.test.autoconfigure.webservices.client.MockWebServiceServerTestExecutionListener, org.springframework.boot.test.mock.mockito.MockitoTestExecutionListener, org.springframework.boot.test.mock.mockito.ResetMocksTestExecutionListener, org.springframework.test.context.web.ServletTestExecutionListener, org.springframework.test.context.support.DirtiesContextBeforeModesTestExecutionListener, org.springframework.test.context.event.ApplicationEventsTestExecutionListener, org.springframework.test.context.support.DependencyInjectionTestExecutionListener, org.springframework.test.context.support.DirtiesContextTestExecutionListener, org.springframework.test.context.transaction.TransactionalTestExecutionListener, org.springframework.test.context.jdbc.SqlScriptsTestExecutionListener, org.springframework.test.context.event.EventPublishingTestExecutionListener]
11:21:59.447 [Test worker] INFO org.springframework.boot.test.context.SpringBootTestContextBootstrapper - Using TestExecutionListeners: [org.springframework.test.context.web.ServletTestExecutionListener@77602954, org.springframework.test.context.support.DirtiesContextBeforeModesTestExecutionListener@e260766, org.springframework.test.context.event.ApplicationEventsTestExecutionListener@2c3dec30, org.springframework.boot.test.mock.mockito.MockitoTestExecutionListener@34a97744, org.springframework.boot.test.autoconfigure.SpringBootDependencyInjectionTestExecutionListener@4275c20c, org.springframework.test.context.support.DirtiesContextTestExecutionListener@7c56e013, org.springframework.test.context.transaction.TransactionalTestExecutionListener@3fc9dfc5, org.springframework.test.context.jdbc.SqlScriptsTestExecutionListener@40258c2f, org.springframework.test.context.event.EventPublishingTestExecutionListener@2cac4385, org.springframework.boot.test.autoconfigure.restdocs.RestDocsTestExecutionListener@6731787b, org.springframework.boot.test.autoconfigure.web.client.MockRestServiceServerResetTestExecutionListener@16f7b4af, org.springframework.boot.test.autoconfigure.web.servlet.MockMvcPrintOnlyOnFailureTestExecutionListener@7adf16aa, org.springframework.boot.test.autoconfigure.web.servlet.WebDriverTestExecutionListener@34a1d21f, org.springframework.boot.test.autoconfigure.webservices.client.MockWebServiceServerTestExecutionListener@58bf8650, org.springframework.boot.test.mock.mockito.ResetMocksTestExecutionListener@73c60324]
11:21:59.461 [Test worker] DEBUG org.springframework.test.context.support.AbstractDirtiesContextTestExecutionListener - Before test class: context [DefaultTestContext@346939bf testClass = DataSourceTests, testInstance = [null], testMethod = [null], testException = [null], mergedContextConfiguration = [WebMergedContextConfiguration@4bf3798b testClass = DataSourceTests, locations = '{}', classes = '{class com.soundbrew.SoundBrewApplication}', contextInitializerClasses = '[]', activeProfiles = '{}', propertySourceLocations = '{}', propertySourceProperties = '{org.springframework.boot.test.context.SpringBootTestContextBootstrapper=true}', contextCustomizers = set[org.springframework.boot.test.autoconfigure.actuate.metrics.MetricsExportContextCustomizerFactory$DisableMetricExportContextCustomizer@466276d8, org.springframework.boot.test.autoconfigure.properties.PropertyMappingContextCustomizer@0, org.springframework.boot.test.autoconfigure.web.servlet.WebDriverContextCustomizerFactory$Customizer@4b79ac84, org.springframework.boot.test.context.filter.ExcludeFilterContextCustomizer@5460cf3a, org.springframework.boot.test.json.DuplicateJsonObjectContextCustomizerFactory$DuplicateJsonObjectContextCustomizer@27d4a09, org.springframework.boot.test.mock.mockito.MockitoContextCustomizer@0, org.springframework.boot.test.web.client.TestRestTemplateContextCustomizer@2631f68c, org.springframework.boot.test.context.SpringBootTestArgs@1, org.springframework.boot.test.context.SpringBootTestWebEnvironment@2bfc268b], resourceBasePath = 'src/main/webapp', contextLoader = 'org.springframework.boot.test.context.SpringBootContextLoader', parent = [null]], attributes = map['org.springframework.test.context.web.ServletTestExecutionListener.activateListener' -> true]], class annotated with @DirtiesContext [false] with mode [null].

  .   ____          _            __ _ _
 /\\ / ___'_ __ _ _(_)_ __  __ _ \ \ \ \
( ( )\___ | '_ | '_| | '_ \/ _` | \ \ \ \
 \\/  ___)| |_)| | | | | || (_| |  ) ) ) )
  '  |____| .__|_| |_|_| |_\__, | / / / /
 =========|_|==============|___/=/_/_/_/
 :: Spring Boot ::               (v2.7.18)

2024-09-19 11:22:05.553  INFO 43772 --- [    Test worker] com.soundbrew.DataSourceTests            : Starting DataSourceTests using Java 17.0.7 on kyoungui-MacBookPro.local with PID 43772 (started by kyoung in /Users/kyoung/soundBrew)
2024-09-19 11:22:05.555  INFO 43772 --- [    Test worker] com.soundbrew.DataSourceTests            : No active profile set, falling back to 1 default profile: "default"
2024-09-19 11:22:08.582  INFO 43772 --- [    Test worker] .s.d.r.c.RepositoryConfigurationDelegate : Bootstrapping Spring Data JPA repositories in DEFAULT mode.
2024-09-19 11:22:08.605  INFO 43772 --- [    Test worker] .s.d.r.c.RepositoryConfigurationDelegate : Finished Spring Data repository scanning in 10 ms. Found 0 JPA repository interfaces.
2024-09-19 11:22:10.590  INFO 43772 --- [    Test worker] o.hibernate.jpa.internal.util.LogHelper  : HHH000204: Processing PersistenceUnitInfo [name: default]
2024-09-19 11:22:10.853  INFO 43772 --- [    Test worker] org.hibernate.Version                    : HHH000412: Hibernate ORM core version 5.6.15.Final
2024-09-19 11:22:11.593  INFO 43772 --- [    Test worker] o.hibernate.annotations.common.Version   : HCANN000001: Hibernate Commons Annotations {5.1.2.Final}
2024-09-19 11:22:12.234  INFO 43772 --- [    Test worker] com.zaxxer.hikari.HikariDataSource       : HikariPool-1 - Starting...
2024-09-19 11:22:13.627  INFO 43772 --- [    Test worker] com.zaxxer.hikari.HikariDataSource       : HikariPool-1 - Start completed.
2024-09-19 11:22:13.710  INFO 43772 --- [    Test worker] org.hibernate.dialect.Dialect            : HHH000400: Using dialect: org.hibernate.dialect.MySQL8Dialect
2024-09-19 11:22:14.653  INFO 43772 --- [    Test worker] o.h.e.t.j.p.i.JtaPlatformInitiator       : HHH000490: Using JtaPlatform implementation: [org.hibernate.engine.transaction.jta.platform.internal.NoJtaPlatform]
2024-09-19 11:22:14.676  INFO 43772 --- [    Test worker] j.LocalContainerEntityManagerFactoryBean : Initialized JPA EntityManagerFactory for persistence unit 'default'
2024-09-19 11:22:15.191  WARN 43772 --- [    Test worker] JpaBaseConfiguration$JpaWebConfiguration : spring.jpa.open-in-view is enabled by default. Therefore, database queries may be performed during view rendering. Explicitly configure spring.jpa.open-in-view to disable this warning
2024-09-19 11:22:16.227  WARN 43772 --- [    Test worker] ion$DefaultTemplateResolverConfiguration : Cannot find template location: classpath:/templates/ (please add some templates, check your Thymeleaf configuration, or set spring.thymeleaf.check-template-location=false)
2024-09-19 11:22:16.757  INFO 43772 --- [    Test worker] com.soundbrew.DataSourceTests            : Started DataSourceTests in 17.082 seconds (JVM running for 19.997)
2024-09-19 11:22:17.831  INFO 43772 --- [    Test worker] com.soundbrew.DataSourceTests            : HikariProxyConnection@927008541 wrapping com.mysql.cj.jdbc.ConnectionImpl@351d726c
]]></system-out>
  <system-err><![CDATA[]]></system-err>
</testsuite>
